[{"stream_name":"stdout","time":1.020065341,"data":"\u003e\u003e\u003e python -m pip -q install --upgrade pip\n"}
,{"stream_name":"stdout","time":4.983663384,"data":"   ━━━━━━━━━━━━━━━━━━━━━━━━━━━━━━━━━━━━━━━━ 1.8/1.8 MB 25.8 MB/s eta 0:00:00\n"}
,{"stream_name":"stdout","time":9.513346094,"data":"\u003e\u003e\u003e python -m pip -q install paddlepaddle==3.3.0\n"}
,{"stream_name":"stdout","time":24.5571084,"data":"\u003e\u003e\u003e python -m pip -q uninstall -y paddleocr paddlex || true\n"}
,{"stream_name":"stderr","time":25.211194081,"data":"WARNING: Skipping paddleocr as it is not installed.\n"}
,{"stream_name":"stderr","time":25.240061396,"data":"WARNING: Skipping paddlex as it is not installed.\n"}
,{"stream_name":"stdout","time":25.303900459,"data":"\u003e\u003e\u003e python -m pip -q install --no-deps paddleocr==2.7.3\n"}
,{"stream_name":"stdout","time":26.922589381,"data":"\u003e\u003e\u003e python -m pip -q install opencv-python-headless pyclipper shapely imgaug pillow tqdm lmdb attrdict fire rapidfuzz visualdl\n"}
,{"stream_name":"stderr","time":33.510279946,"data":"ERROR: pip's dependency resolver does not currently take into account all the packages that are installed. This behaviour is the source of the following dependency conflicts.\n"}
,{"stream_name":"stderr","time":33.510335281,"data":"paddleocr 2.7.3 requires pdf2docx, which is not installed.\n"}
,{"stream_name":"stderr","time":33.510341387,"data":"paddleocr 2.7.3 requires premailer, which is not installed.\n"}
,{"stream_name":"stderr","time":33.510345689,"data":"paddleocr 2.7.3 requires python-docx, which is not installed.\n"}
,{"stream_name":"stderr","time":33.510349663,"data":"paddleocr 2.7.3 requires opencv-contrib-python\u003c=4.6.0.66, but you have opencv-contrib-python 4.13.0.92 which is incompatible.\n"}
,{"stream_name":"stderr","time":33.510354732,"data":"paddleocr 2.7.3 requires opencv-python\u003c=4.6.0.66, but you have opencv-python 4.13.0.92 which is incompatible.\n"}
,{"stream_name":"stderr","time":33.907932498,"data":"Traceback (most recent call last):\n"}
,{"stream_name":"stderr","time":33.907983586,"data":"  File \"/kaggle/src/script.py\", line 869, in \u003cmodule\u003e\n"}
,{"stream_name":"stderr","time":33.908358396,"data":"    main()\n"}
,{"stream_name":"stderr","time":33.908397127,"data":"  File \"/kaggle/src/script.py\", line 803, in main\n"}
,{"stream_name":"stderr","time":33.908874022,"data":"    run_request = load_request()\n"}
,{"stream_name":"stderr","time":33.908900157,"data":"                  ^^^^^^^^^^^^^^\n"}
,{"stream_name":"stderr","time":33.908905535,"data":"  File \"/kaggle/src/script.py\", line 96, in load_request\n"}
,{"stream_name":"stderr","time":33.909203316,"data":"    request_path = find_request_file()\n"}
,{"stream_name":"stderr","time":33.909225131,"data":"                   ^^^^^^^^^^^^^^^^^^^\n"}
,{"stream_name":"stderr","time":33.9092327,"data":"  File \"/kaggle/src/script.py\", line 81, in find_request_file\n"}
,{"stream_name":"stderr","time":33.909453785,"data":"    raise FileNotFoundError(\n"}
,{"stream_name":"stderr","time":33.909469849,"data":"FileNotFoundError: No run_request.json matched EXPECTED_REQUEST_ID. expected=27c0fa5f-8d61-46c8-acb7-85970388eb2f; seen=['/kaggle/input/datasets/dat261303/ai-extract-cutline-debug/run_request.json=bb4204cb-04d5-4c42-ba2a-b01959d7273c']; unreadable=[]\n"}
,{"stream_name":"stderr","time":36.523871127,"data":"/usr/local/lib/python3.12/dist-packages/mistune.py:435: SyntaxWarning: invalid escape sequence '\\|'\n"}
,{"stream_name":"stderr","time":36.523952186,"data":"  cells[i][c] = re.sub('\\\\\\\\\\|', '|', cell)\n"}
,{"stream_name":"stderr","time":36.87033874,"data":"/usr/local/lib/python3.12/dist-packages/nbconvert/filters/filter_links.py:36: SyntaxWarning: invalid escape sequence '\\_'\n"}
,{"stream_name":"stderr","time":36.870431493,"data":"  text = re.sub(r'_', '\\_', text) # Escape underscores in display text\n"}
,{"stream_name":"stderr","time":37.826076037,"data":"[NbConvertApp] Converting notebook __script__.ipynb to html\n"}
,{"stream_name":"stderr","time":39.598413579,"data":"[NbConvertApp] Writing 431662 bytes to __results__.html\n"}
]